<?xml version="1.0" encoding="UTF-8"?>
<testng-results ignored="0" total="1" passed="1" failed="0" skipped="0">
  <reporter-output>
  </reporter-output>
  <suite started-at="2026-04-20T10:58:52 IST" name="Suite" finished-at="2026-04-20T10:59:09 IST" duration-ms="17132">
    <groups>
    </groups>
    <test started-at="2026-04-20T10:58:52 IST" name="Test" finished-at="2026-04-20T10:59:09 IST" duration-ms="17132">
      <class name="DemoTest">
        <test-method signature="openGoogle()[pri:0, instance:DemoTest@4f80542f]" started-at="2026-04-20T10:58:52 IST" name="openGoogle" finished-at="2026-04-20T10:59:09 IST" duration-ms="17031" status="PASS">
          <reporter-output>
          </reporter-output>
        </test-method> <!-- openGoogle -->
      </class> <!-- DemoTest -->
    </test> <!-- Test -->
  </suite> <!-- Suite -->
</testng-results>
